CRITICAL - 2023-10-23 03:33:29 --> Undefined variable $CuidadosModel
in APPPATH\Controllers\MascotasController.php on line 35.
 1 APPPATH\Controllers\MascotasController.php(35): CodeIgniter\Debug\Exceptions->errorHandler(2, 'Undefined variable $CuidadosModel', 'C:\\xampp\\htdocs\\ExamenDAWU2\\app\\Controllers\\MascotasController.php', 35)
 2 SYSTEMPATH\CodeIgniter.php(942): App\Controllers\MascotasController->agregar()
 3 SYSTEMPATH\CodeIgniter.php(502): CodeIgniter\CodeIgniter->runController(Object(App\Controllers\MascotasController))
 4 SYSTEMPATH\CodeIgniter.php(361): CodeIgniter\CodeIgniter->handleRequest(null, Object(Config\Cache), false)
 5 FCPATH\index.php(79): CodeIgniter\CodeIgniter->run()
 6 SYSTEMPATH\Commands\Server\rewrite.php(47): require_once('C:\\xampp\\htdocs\\ExamenDAWU2\\public\\index.php')
CRITICAL - 2023-10-23 03:33:31 --> Undefined variable $CuidadosModel
in APPPATH\Controllers\MascotasController.php on line 35.
 1 APPPATH\Controllers\MascotasController.php(35): CodeIgniter\Debug\Exceptions->errorHandler(2, 'Undefined variable $CuidadosModel', 'C:\\xampp\\htdocs\\ExamenDAWU2\\app\\Controllers\\MascotasController.php', 35)
 2 SYSTEMPATH\CodeIgniter.php(942): App\Controllers\MascotasController->agregar()
 3 SYSTEMPATH\CodeIgniter.php(502): CodeIgniter\CodeIgniter->runController(Object(App\Controllers\MascotasController))
 4 SYSTEMPATH\CodeIgniter.php(361): CodeIgniter\CodeIgniter->handleRequest(null, Object(Config\Cache), false)
 5 FCPATH\index.php(79): CodeIgniter\CodeIgniter->run()
 6 SYSTEMPATH\Commands\Server\rewrite.php(47): require_once('C:\\xampp\\htdocs\\ExamenDAWU2\\public\\index.php')
CRITICAL - 2023-10-23 03:33:41 --> Undefined variable $CuidadosModel
in APPPATH\Controllers\MascotasController.php on line 35.
 1 APPPATH\Controllers\MascotasController.php(35): CodeIgniter\Debug\Exceptions->errorHandler(2, 'Undefined variable $CuidadosModel', 'C:\\xampp\\htdocs\\ExamenDAWU2\\app\\Controllers\\MascotasController.php', 35)
 2 SYSTEMPATH\CodeIgniter.php(942): App\Controllers\MascotasController->agregar()
 3 SYSTEMPATH\CodeIgniter.php(502): CodeIgniter\CodeIgniter->runController(Object(App\Controllers\MascotasController))
 4 SYSTEMPATH\CodeIgniter.php(361): CodeIgniter\CodeIgniter->handleRequest(null, Object(Config\Cache), false)
 5 FCPATH\index.php(79): CodeIgniter\CodeIgniter->run()
 6 SYSTEMPATH\Commands\Server\rewrite.php(47): require_once('C:\\xampp\\htdocs\\ExamenDAWU2\\public\\index.php')
CRITICAL - 2023-10-23 04:03:14 --> Undefined property: App\Controllers\MascotasController::$db
in APPPATH\Controllers\MascotasController.php on line 87.
 1 APPPATH\Controllers\MascotasController.php(87): CodeIgniter\Debug\Exceptions->errorHandler(2, 'Undefined property: App\\Controllers\\MascotasController::$db', 'C:\\xampp\\htdocs\\ExamenDAWU2\\app\\Controllers\\MascotasController.php', 87)
 2 APPPATH\Controllers\MascotasController.php(64): App\Controllers\MascotasController->insert()
 3 SYSTEMPATH\CodeIgniter.php(942): App\Controllers\MascotasController->agregar()
 4 SYSTEMPATH\CodeIgniter.php(502): CodeIgniter\CodeIgniter->runController(Object(App\Controllers\MascotasController))
 5 SYSTEMPATH\CodeIgniter.php(361): CodeIgniter\CodeIgniter->handleRequest(null, Object(Config\Cache), false)
 6 FCPATH\index.php(79): CodeIgniter\CodeIgniter->run()
 7 SYSTEMPATH\Commands\Server\rewrite.php(47): require_once('C:\\xampp\\htdocs\\ExamenDAWU2\\public\\index.php')
ERROR - 2023-10-23 04:10:20 --> mysqli_sql_exception: Column 'mascota' cannot be null in C:\xampp\htdocs\ExamenDAWU2\system\Database\MySQLi\Connection.php:306
Stack trace:
#0 C:\xampp\htdocs\ExamenDAWU2\system\Database\MySQLi\Connection.php(306): mysqli->query('INSERT INTO `ma...', 0)
#1 C:\xampp\htdocs\ExamenDAWU2\system\Database\BaseConnection.php(693): CodeIgniter\Database\MySQLi\Connection->execute('INSERT INTO `ma...')
#2 C:\xampp\htdocs\ExamenDAWU2\system\Database\BaseConnection.php(607): CodeIgniter\Database\BaseConnection->simpleQuery('INSERT INTO `ma...')
#3 C:\xampp\htdocs\ExamenDAWU2\system\Database\BaseBuilder.php(2308): CodeIgniter\Database\BaseConnection->query('INSERT INTO `ma...', Array, false)
#4 C:\xampp\htdocs\ExamenDAWU2\system\Model.php(319): CodeIgniter\Database\BaseBuilder->insert()
#5 C:\xampp\htdocs\ExamenDAWU2\system\BaseModel.php(788): CodeIgniter\Model->doInsert(Array)
#6 C:\xampp\htdocs\ExamenDAWU2\system\Model.php(715): CodeIgniter\BaseModel->insert(Array, true)
#7 C:\xampp\htdocs\ExamenDAWU2\app\Controllers\MascotasController.php(91): CodeIgniter\Model->insert(Array)
#8 C:\xampp\htdocs\ExamenDAWU2\app\Controllers\MascotasController.php(64): App\Controllers\MascotasController->insert()
#9 C:\xampp\htdocs\ExamenDAWU2\system\CodeIgniter.php(942): App\Controllers\MascotasController->agregar()
#10 C:\xampp\htdocs\ExamenDAWU2\system\CodeIgniter.php(502): CodeIgniter\CodeIgniter->runController(Object(App\Controllers\MascotasController))
#11 C:\xampp\htdocs\ExamenDAWU2\system\CodeIgniter.php(361): CodeIgniter\CodeIgniter->handleRequest(NULL, Object(Config\Cache), false)
#12 C:\xampp\htdocs\ExamenDAWU2\public\index.php(79): CodeIgniter\CodeIgniter->run()
#13 C:\xampp\htdocs\ExamenDAWU2\system\Commands\Server\rewrite.php(47): require_once('C:\\xampp\\htdocs...')
#14 {main}
CRITICAL - 2023-10-23 04:10:20 --> Column 'mascota' cannot be null
in SYSTEMPATH\Database\BaseConnection.php on line 647.
 1 SYSTEMPATH\Database\BaseBuilder.php(2308): CodeIgniter\Database\BaseConnection->query('INSERT INTO `mascota_cuidados` (`mascota`, `cuidado`) VALUES (:mascota:, :cuidado:)', [...], false)
 2 SYSTEMPATH\Model.php(319): CodeIgniter\Database\BaseBuilder->insert()
 3 SYSTEMPATH\BaseModel.php(788): CodeIgniter\Model->doInsert([...])
 4 SYSTEMPATH\Model.php(715): CodeIgniter\BaseModel->insert([...], true)
 5 APPPATH\Controllers\MascotasController.php(91): CodeIgniter\Model->insert([...])
 6 APPPATH\Controllers\MascotasController.php(64): App\Controllers\MascotasController->insert()
 7 SYSTEMPATH\CodeIgniter.php(942): App\Controllers\MascotasController->agregar()
 8 SYSTEMPATH\CodeIgniter.php(502): CodeIgniter\CodeIgniter->runController(Object(App\Controllers\MascotasController))
 9 SYSTEMPATH\CodeIgniter.php(361): CodeIgniter\CodeIgniter->handleRequest(null, Object(Config\Cache), false)
10 FCPATH\index.php(79): CodeIgniter\CodeIgniter->run()
11 SYSTEMPATH\Commands\Server\rewrite.php(47): require_once('C:\\xampp\\htdocs\\ExamenDAWU2\\public\\index.php')
CRITICAL - 2023-10-23 04:15:15 --> Undefined variable $adoptador
in APPPATH\Views\mascotas\editar.php on line 9.
 1 APPPATH\Views\mascotas\editar.php(9): CodeIgniter\Debug\Exceptions->errorHandler(2, 'Undefined variable $adoptador', 'C:\\xampp\\htdocs\\ExamenDAWU2\\app\\Views\\mascotas\\editar.php', 9)
 2 SYSTEMPATH\View\View.php(228): include('C:\\xampp\\htdocs\\ExamenDAWU2\\app\\Views\\mascotas\\editar.php')
 3 SYSTEMPATH\View\View.php(231): CodeIgniter\View\View->CodeIgniter\View\{closure}()
 4 SYSTEMPATH\Common.php(1190): CodeIgniter\View\View->render('mascotas/editar', [], true)
 5 APPPATH\Controllers\MascotasController.php(108): view('mascotas/editar', [...])
 6 SYSTEMPATH\CodeIgniter.php(942): App\Controllers\MascotasController->editar('122')
 7 SYSTEMPATH\CodeIgniter.php(502): CodeIgniter\CodeIgniter->runController(Object(App\Controllers\MascotasController))
 8 SYSTEMPATH\CodeIgniter.php(361): CodeIgniter\CodeIgniter->handleRequest(null, Object(Config\Cache), false)
 9 FCPATH\index.php(79): CodeIgniter\CodeIgniter->run()
10 SYSTEMPATH\Commands\Server\rewrite.php(47): require_once('C:\\xampp\\htdocs\\ExamenDAWU2\\public\\index.php')
CRITICAL - 2023-10-23 04:22:09 --> Undefined variable $razas
in APPPATH\Views\mascotas\editar.php on line 30.
 1 APPPATH\Views\mascotas\editar.php(30): CodeIgniter\Debug\Exceptions->errorHandler(2, 'Undefined variable $razas', 'C:\\xampp\\htdocs\\ExamenDAWU2\\app\\Views\\mascotas\\editar.php', 30)
 2 SYSTEMPATH\View\View.php(228): include('C:\\xampp\\htdocs\\ExamenDAWU2\\app\\Views\\mascotas\\editar.php')
 3 SYSTEMPATH\View\View.php(231): CodeIgniter\View\View->CodeIgniter\View\{closure}()
 4 SYSTEMPATH\Common.php(1190): CodeIgniter\View\View->render('mascotas/editar', [], true)
 5 APPPATH\Controllers\MascotasController.php(108): view('mascotas/editar', [...])
 6 SYSTEMPATH\CodeIgniter.php(942): App\Controllers\MascotasController->editar('122')
 7 SYSTEMPATH\CodeIgniter.php(502): CodeIgniter\CodeIgniter->runController(Object(App\Controllers\MascotasController))
 8 SYSTEMPATH\CodeIgniter.php(361): CodeIgniter\CodeIgniter->handleRequest(null, Object(Config\Cache), false)
 9 FCPATH\index.php(79): CodeIgniter\CodeIgniter->run()
10 SYSTEMPATH\Commands\Server\rewrite.php(47): require_once('C:\\xampp\\htdocs\\ExamenDAWU2\\public\\index.php')
CRITICAL - 2023-10-23 04:22:30 --> Undefined variable $razas
in APPPATH\Views\mascotas\editar.php on line 30.
 1 APPPATH\Views\mascotas\editar.php(30): CodeIgniter\Debug\Exceptions->errorHandler(2, 'Undefined variable $razas', 'C:\\xampp\\htdocs\\ExamenDAWU2\\app\\Views\\mascotas\\editar.php', 30)
 2 SYSTEMPATH\View\View.php(228): include('C:\\xampp\\htdocs\\ExamenDAWU2\\app\\Views\\mascotas\\editar.php')
 3 SYSTEMPATH\View\View.php(231): CodeIgniter\View\View->CodeIgniter\View\{closure}()
 4 SYSTEMPATH\Common.php(1190): CodeIgniter\View\View->render('mascotas/editar', [], true)
 5 APPPATH\Controllers\MascotasController.php(118): view('mascotas/editar', [...])
 6 SYSTEMPATH\CodeIgniter.php(942): App\Controllers\MascotasController->editar('122')
 7 SYSTEMPATH\CodeIgniter.php(502): CodeIgniter\CodeIgniter->runController(Object(App\Controllers\MascotasController))
 8 SYSTEMPATH\CodeIgniter.php(361): CodeIgniter\CodeIgniter->handleRequest(null, Object(Config\Cache), false)
 9 FCPATH\index.php(79): CodeIgniter\CodeIgniter->run()
10 SYSTEMPATH\Commands\Server\rewrite.php(47): require_once('C:\\xampp\\htdocs\\ExamenDAWU2\\public\\index.php')
CRITICAL - 2023-10-23 04:22:33 --> Undefined variable $razas
in APPPATH\Views\mascotas\editar.php on line 30.
 1 APPPATH\Views\mascotas\editar.php(30): CodeIgniter\Debug\Exceptions->errorHandler(2, 'Undefined variable $razas', 'C:\\xampp\\htdocs\\ExamenDAWU2\\app\\Views\\mascotas\\editar.php', 30)
 2 SYSTEMPATH\View\View.php(228): include('C:\\xampp\\htdocs\\ExamenDAWU2\\app\\Views\\mascotas\\editar.php')
 3 SYSTEMPATH\View\View.php(231): CodeIgniter\View\View->CodeIgniter\View\{closure}()
 4 SYSTEMPATH\Common.php(1190): CodeIgniter\View\View->render('mascotas/editar', [], true)
 5 APPPATH\Controllers\MascotasController.php(118): view('mascotas/editar', [...])
 6 SYSTEMPATH\CodeIgniter.php(942): App\Controllers\MascotasController->editar('122')
 7 SYSTEMPATH\CodeIgniter.php(502): CodeIgniter\CodeIgniter->runController(Object(App\Controllers\MascotasController))
 8 SYSTEMPATH\CodeIgniter.php(361): CodeIgniter\CodeIgniter->handleRequest(null, Object(Config\Cache), false)
 9 FCPATH\index.php(79): CodeIgniter\CodeIgniter->run()
10 SYSTEMPATH\Commands\Server\rewrite.php(47): require_once('C:\\xampp\\htdocs\\ExamenDAWU2\\public\\index.php')
CRITICAL - 2023-10-23 04:22:55 --> Undefined variable $razas
in APPPATH\Views\mascotas\editar.php on line 30.
 1 APPPATH\Views\mascotas\editar.php(30): CodeIgniter\Debug\Exceptions->errorHandler(2, 'Undefined variable $razas', 'C:\\xampp\\htdocs\\ExamenDAWU2\\app\\Views\\mascotas\\editar.php', 30)
 2 SYSTEMPATH\View\View.php(228): include('C:\\xampp\\htdocs\\ExamenDAWU2\\app\\Views\\mascotas\\editar.php')
 3 SYSTEMPATH\View\View.php(231): CodeIgniter\View\View->CodeIgniter\View\{closure}()
 4 SYSTEMPATH\Common.php(1190): CodeIgniter\View\View->render('mascotas/editar', [], true)
 5 APPPATH\Controllers\MascotasController.php(118): view('mascotas/editar', [...])
 6 SYSTEMPATH\CodeIgniter.php(942): App\Controllers\MascotasController->editar('122')
 7 SYSTEMPATH\CodeIgniter.php(502): CodeIgniter\CodeIgniter->runController(Object(App\Controllers\MascotasController))
 8 SYSTEMPATH\CodeIgniter.php(361): CodeIgniter\CodeIgniter->handleRequest(null, Object(Config\Cache), false)
 9 FCPATH\index.php(79): CodeIgniter\CodeIgniter->run()
10 SYSTEMPATH\Commands\Server\rewrite.php(47): require_once('C:\\xampp\\htdocs\\ExamenDAWU2\\public\\index.php')
CRITICAL - 2023-10-23 04:23:15 --> Undefined property: stdClass::$caractet
in APPPATH\Views\mascotas\editar.php on line 56.
 1 APPPATH\Views\mascotas\editar.php(56): CodeIgniter\Debug\Exceptions->errorHandler(2, 'Undefined property: stdClass::$caractet', 'C:\\xampp\\htdocs\\ExamenDAWU2\\app\\Views\\mascotas\\editar.php', 56)
 2 SYSTEMPATH\View\View.php(228): include('C:\\xampp\\htdocs\\ExamenDAWU2\\app\\Views\\mascotas\\editar.php')
 3 SYSTEMPATH\View\View.php(231): CodeIgniter\View\View->CodeIgniter\View\{closure}()
 4 SYSTEMPATH\Common.php(1190): CodeIgniter\View\View->render('mascotas/editar', [], true)
 5 APPPATH\Controllers\MascotasController.php(118): view('mascotas/editar', [...])
 6 SYSTEMPATH\CodeIgniter.php(942): App\Controllers\MascotasController->editar('122')
 7 SYSTEMPATH\CodeIgniter.php(502): CodeIgniter\CodeIgniter->runController(Object(App\Controllers\MascotasController))
 8 SYSTEMPATH\CodeIgniter.php(361): CodeIgniter\CodeIgniter->handleRequest(null, Object(Config\Cache), false)
 9 FCPATH\index.php(79): CodeIgniter\CodeIgniter->run()
10 SYSTEMPATH\Commands\Server\rewrite.php(47): require_once('C:\\xampp\\htdocs\\ExamenDAWU2\\public\\index.php')
CRITICAL - 2023-10-23 04:27:07 --> Undefined variable $adoptadorModel
in APPPATH\Controllers\MascotasController.php on line 164.
 1 APPPATH\Controllers\MascotasController.php(164): CodeIgniter\Debug\Exceptions->errorHandler(2, 'Undefined variable $adoptadorModel', 'C:\\xampp\\htdocs\\ExamenDAWU2\\app\\Controllers\\MascotasController.php', 164)
 2 SYSTEMPATH\CodeIgniter.php(942): App\Controllers\MascotasController->buscar()
 3 SYSTEMPATH\CodeIgniter.php(502): CodeIgniter\CodeIgniter->runController(Object(App\Controllers\MascotasController))
 4 SYSTEMPATH\CodeIgniter.php(361): CodeIgniter\CodeIgniter->handleRequest(null, Object(Config\Cache), false)
 5 FCPATH\index.php(79): CodeIgniter\CodeIgniter->run()
 6 SYSTEMPATH\Commands\Server\rewrite.php(47): require_once('C:\\xampp\\htdocs\\ExamenDAWU2\\public\\index.php')
CRITICAL - 2023-10-23 04:30:52 --> Undefined variable $razas
in APPPATH\Views\mascotas\buscar.php on line 12.
 1 APPPATH\Views\mascotas\buscar.php(12): CodeIgniter\Debug\Exceptions->errorHandler(2, 'Undefined variable $razas', 'C:\\xampp\\htdocs\\ExamenDAWU2\\app\\Views\\mascotas\\buscar.php', 12)
 2 SYSTEMPATH\View\View.php(228): include('C:\\xampp\\htdocs\\ExamenDAWU2\\app\\Views\\mascotas\\buscar.php')
 3 SYSTEMPATH\View\View.php(231): CodeIgniter\View\View->CodeIgniter\View\{closure}()
 4 SYSTEMPATH\Common.php(1190): CodeIgniter\View\View->render('mascotas/buscar', [], true)
 5 APPPATH\Controllers\MascotasController.php(164): view('mascotas/buscar', [...])
 6 SYSTEMPATH\CodeIgniter.php(942): App\Controllers\MascotasController->buscar()
 7 SYSTEMPATH\CodeIgniter.php(502): CodeIgniter\CodeIgniter->runController(Object(App\Controllers\MascotasController))
 8 SYSTEMPATH\CodeIgniter.php(361): CodeIgniter\CodeIgniter->handleRequest(null, Object(Config\Cache), false)
 9 FCPATH\index.php(79): CodeIgniter\CodeIgniter->run()
10 SYSTEMPATH\Commands\Server\rewrite.php(47): require_once('C:\\xampp\\htdocs\\ExamenDAWU2\\public\\index.php')
CRITICAL - 2023-10-23 04:31:25 --> Undefined array key "CURP"
in APPPATH\Controllers\AdoptadorController.php on line 153.
 1 APPPATH\Controllers\AdoptadorController.php(153): CodeIgniter\Debug\Exceptions->errorHandler(2, 'Undefined array key "CURP"', 'C:\\xampp\\htdocs\\ExamenDAWU2\\app\\Controllers\\AdoptadorController.php', 153)
 2 SYSTEMPATH\CodeIgniter.php(942): App\Controllers\AdoptadorController->buscar()
 3 SYSTEMPATH\CodeIgniter.php(502): CodeIgniter\CodeIgniter->runController(Object(App\Controllers\AdoptadorController))
 4 SYSTEMPATH\CodeIgniter.php(361): CodeIgniter\CodeIgniter->handleRequest(null, Object(Config\Cache), false)
 5 FCPATH\index.php(79): CodeIgniter\CodeIgniter->run()
 6 SYSTEMPATH\Commands\Server\rewrite.php(47): require_once('C:\\xampp\\htdocs\\ExamenDAWU2\\public\\index.php')
