CRITICAL - 2023-10-26 02:45:41 --> syntax error, unexpected variable "$mascota", expecting "," or ";"
in APPPATH\Views\mascotas\informacion.php on line 36.
 1 SYSTEMPATH\View\View.php(231): CodeIgniter\View\View->CodeIgniter\View\{closure}()
 2 SYSTEMPATH\Common.php(1190): CodeIgniter\View\View->render('mascotas/informacion', [], true)
 3 APPPATH\Controllers\MascotasController.php(211): view('mascotas/informacion', [...])
 4 SYSTEMPATH\CodeIgniter.php(942): App\Controllers\MascotasController->informacion('1')
 5 SYSTEMPATH\CodeIgniter.php(502): CodeIgniter\CodeIgniter->runController(Object(App\Controllers\MascotasController))
 6 SYSTEMPATH\CodeIgniter.php(361): CodeIgniter\CodeIgniter->handleRequest(null, Object(Config\Cache), false)
 7 FCPATH\index.php(79): CodeIgniter\CodeIgniter->run()
 8 SYSTEMPATH\Commands\Server\rewrite.php(47): require_once('C:\\xampp\\htdocs\\ExamenDAWU2\\public\\index.php')
CRITICAL - 2023-10-26 02:50:37 --> syntax error, unexpected token "endforeach", expecting "elseif" or "else" or "endif"
in APPPATH\Views\mascotas\informacion.php on line 44.
 1 SYSTEMPATH\View\View.php(231): CodeIgniter\View\View->CodeIgniter\View\{closure}()
 2 SYSTEMPATH\Common.php(1190): CodeIgniter\View\View->render('mascotas/informacion', [], true)
 3 APPPATH\Controllers\MascotasController.php(211): view('mascotas/informacion', [...])
 4 SYSTEMPATH\CodeIgniter.php(942): App\Controllers\MascotasController->informacion('1')
 5 SYSTEMPATH\CodeIgniter.php(502): CodeIgniter\CodeIgniter->runController(Object(App\Controllers\MascotasController))
 6 SYSTEMPATH\CodeIgniter.php(361): CodeIgniter\CodeIgniter->handleRequest(null, Object(Config\Cache), false)
 7 FCPATH\index.php(79): CodeIgniter\CodeIgniter->run()
 8 SYSTEMPATH\Commands\Server\rewrite.php(47): require_once('C:\\xampp\\htdocs\\ExamenDAWU2\\public\\index.php')
CRITICAL - 2023-10-26 02:52:18 --> syntax error, unexpected token "}"
in APPPATH\Views\mascotas\informacion.php on line 42.
 1 SYSTEMPATH\View\View.php(231): CodeIgniter\View\View->CodeIgniter\View\{closure}()
 2 SYSTEMPATH\Common.php(1190): CodeIgniter\View\View->render('mascotas/informacion', [], true)
 3 APPPATH\Controllers\MascotasController.php(211): view('mascotas/informacion', [...])
 4 SYSTEMPATH\CodeIgniter.php(942): App\Controllers\MascotasController->informacion('1')
 5 SYSTEMPATH\CodeIgniter.php(502): CodeIgniter\CodeIgniter->runController(Object(App\Controllers\MascotasController))
 6 SYSTEMPATH\CodeIgniter.php(361): CodeIgniter\CodeIgniter->handleRequest(null, Object(Config\Cache), false)
 7 FCPATH\index.php(79): CodeIgniter\CodeIgniter->run()
 8 SYSTEMPATH\Commands\Server\rewrite.php(47): require_once('C:\\xampp\\htdocs\\ExamenDAWU2\\public\\index.php')
CRITICAL - 2023-10-26 02:53:17 --> syntax error, unexpected token "if", expecting ":"
in APPPATH\Views\mascotas\informacion.php on line 40.
 1 SYSTEMPATH\View\View.php(231): CodeIgniter\View\View->CodeIgniter\View\{closure}()
 2 SYSTEMPATH\Common.php(1190): CodeIgniter\View\View->render('mascotas/informacion', [], true)
 3 APPPATH\Controllers\MascotasController.php(211): view('mascotas/informacion', [...])
 4 SYSTEMPATH\CodeIgniter.php(942): App\Controllers\MascotasController->informacion('1')
 5 SYSTEMPATH\CodeIgniter.php(502): CodeIgniter\CodeIgniter->runController(Object(App\Controllers\MascotasController))
 6 SYSTEMPATH\CodeIgniter.php(361): CodeIgniter\CodeIgniter->handleRequest(null, Object(Config\Cache), false)
 7 FCPATH\index.php(79): CodeIgniter\CodeIgniter->run()
 8 SYSTEMPATH\Commands\Server\rewrite.php(47): require_once('C:\\xampp\\htdocs\\ExamenDAWU2\\public\\index.php')
CRITICAL - 2023-10-26 02:53:25 --> syntax error, unexpected token "{", expecting ":"
in APPPATH\Views\mascotas\informacion.php on line 40.
 1 SYSTEMPATH\View\View.php(231): CodeIgniter\View\View->CodeIgniter\View\{closure}()
 2 SYSTEMPATH\Common.php(1190): CodeIgniter\View\View->render('mascotas/informacion', [], true)
 3 APPPATH\Controllers\MascotasController.php(211): view('mascotas/informacion', [...])
 4 SYSTEMPATH\CodeIgniter.php(942): App\Controllers\MascotasController->informacion('1')
 5 SYSTEMPATH\CodeIgniter.php(502): CodeIgniter\CodeIgniter->runController(Object(App\Controllers\MascotasController))
 6 SYSTEMPATH\CodeIgniter.php(361): CodeIgniter\CodeIgniter->handleRequest(null, Object(Config\Cache), false)
 7 FCPATH\index.php(79): CodeIgniter\CodeIgniter->run()
 8 SYSTEMPATH\Commands\Server\rewrite.php(47): require_once('C:\\xampp\\htdocs\\ExamenDAWU2\\public\\index.php')
CRITICAL - 2023-10-26 02:53:36 --> syntax error, unexpected token "{", expecting ":"
in APPPATH\Views\mascotas\informacion.php on line 40.
 1 SYSTEMPATH\View\View.php(231): CodeIgniter\View\View->CodeIgniter\View\{closure}()
 2 SYSTEMPATH\Common.php(1190): CodeIgniter\View\View->render('mascotas/informacion', [], true)
 3 APPPATH\Controllers\MascotasController.php(211): view('mascotas/informacion', [...])
 4 SYSTEMPATH\CodeIgniter.php(942): App\Controllers\MascotasController->informacion('1')
 5 SYSTEMPATH\CodeIgniter.php(502): CodeIgniter\CodeIgniter->runController(Object(App\Controllers\MascotasController))
 6 SYSTEMPATH\CodeIgniter.php(361): CodeIgniter\CodeIgniter->handleRequest(null, Object(Config\Cache), false)
 7 FCPATH\index.php(79): CodeIgniter\CodeIgniter->run()
 8 SYSTEMPATH\Commands\Server\rewrite.php(47): require_once('C:\\xampp\\htdocs\\ExamenDAWU2\\public\\index.php')
CRITICAL - 2023-10-26 03:06:51 --> syntax error, unexpected token ";"
in APPPATH\Views\mascotas\informacion.php on line 38.
 1 SYSTEMPATH\View\View.php(231): CodeIgniter\View\View->CodeIgniter\View\{closure}()
 2 SYSTEMPATH\Common.php(1190): CodeIgniter\View\View->render('mascotas/informacion', [], true)
 3 APPPATH\Controllers\MascotasController.php(211): view('mascotas/informacion', [...])
 4 SYSTEMPATH\CodeIgniter.php(942): App\Controllers\MascotasController->informacion('12')
 5 SYSTEMPATH\CodeIgniter.php(502): CodeIgniter\CodeIgniter->runController(Object(App\Controllers\MascotasController))
 6 SYSTEMPATH\CodeIgniter.php(361): CodeIgniter\CodeIgniter->handleRequest(null, Object(Config\Cache), false)
 7 FCPATH\index.php(79): CodeIgniter\CodeIgniter->run()
 8 SYSTEMPATH\Commands\Server\rewrite.php(47): require_once('C:\\xampp\\htdocs\\ExamenDAWU2\\public\\index.php')
CRITICAL - 2023-10-26 03:09:28 --> syntax error, unexpected token "/"
in APPPATH\Views\mascotas\informacion.php on line 38.
 1 SYSTEMPATH\View\View.php(231): CodeIgniter\View\View->CodeIgniter\View\{closure}()
 2 SYSTEMPATH\Common.php(1190): CodeIgniter\View\View->render('mascotas/informacion', [], true)
 3 APPPATH\Controllers\MascotasController.php(211): view('mascotas/informacion', [...])
 4 SYSTEMPATH\CodeIgniter.php(942): App\Controllers\MascotasController->informacion('12')
 5 SYSTEMPATH\CodeIgniter.php(502): CodeIgniter\CodeIgniter->runController(Object(App\Controllers\MascotasController))
 6 SYSTEMPATH\CodeIgniter.php(361): CodeIgniter\CodeIgniter->handleRequest(null, Object(Config\Cache), false)
 7 FCPATH\index.php(79): CodeIgniter\CodeIgniter->run()
 8 SYSTEMPATH\Commands\Server\rewrite.php(47): require_once('C:\\xampp\\htdocs\\ExamenDAWU2\\public\\index.php')
CRITICAL - 2023-10-26 03:09:33 --> Undefined property: stdClass::$macota
in APPPATH\Views\mascotas\informacion.php on line 38.
 1 APPPATH\Views\mascotas\informacion.php(38): CodeIgniter\Debug\Exceptions->errorHandler(2, 'Undefined property: stdClass::$macota', 'C:\\xampp\\htdocs\\ExamenDAWU2\\app\\Views\\mascotas\\informacion.php', 38)
 2 SYSTEMPATH\View\View.php(228): include('C:\\xampp\\htdocs\\ExamenDAWU2\\app\\Views\\mascotas\\informacion.php')
 3 SYSTEMPATH\View\View.php(231): CodeIgniter\View\View->CodeIgniter\View\{closure}()
 4 SYSTEMPATH\Common.php(1190): CodeIgniter\View\View->render('mascotas/informacion', [], true)
 5 APPPATH\Controllers\MascotasController.php(211): view('mascotas/informacion', [...])
 6 SYSTEMPATH\CodeIgniter.php(942): App\Controllers\MascotasController->informacion('12')
 7 SYSTEMPATH\CodeIgniter.php(502): CodeIgniter\CodeIgniter->runController(Object(App\Controllers\MascotasController))
 8 SYSTEMPATH\CodeIgniter.php(361): CodeIgniter\CodeIgniter->handleRequest(null, Object(Config\Cache), false)
 9 FCPATH\index.php(79): CodeIgniter\CodeIgniter->run()
10 SYSTEMPATH\Commands\Server\rewrite.php(47): require_once('C:\\xampp\\htdocs\\ExamenDAWU2\\public\\index.php')
CRITICAL - 2023-10-26 03:09:37 --> Undefined property: stdClass::$macota
in APPPATH\Views\mascotas\informacion.php on line 38.
 1 APPPATH\Views\mascotas\informacion.php(38): CodeIgniter\Debug\Exceptions->errorHandler(2, 'Undefined property: stdClass::$macota', 'C:\\xampp\\htdocs\\ExamenDAWU2\\app\\Views\\mascotas\\informacion.php', 38)
 2 SYSTEMPATH\View\View.php(228): include('C:\\xampp\\htdocs\\ExamenDAWU2\\app\\Views\\mascotas\\informacion.php')
 3 SYSTEMPATH\View\View.php(231): CodeIgniter\View\View->CodeIgniter\View\{closure}()
 4 SYSTEMPATH\Common.php(1190): CodeIgniter\View\View->render('mascotas/informacion', [], true)
 5 APPPATH\Controllers\MascotasController.php(211): view('mascotas/informacion', [...])
 6 SYSTEMPATH\CodeIgniter.php(942): App\Controllers\MascotasController->informacion('12')
 7 SYSTEMPATH\CodeIgniter.php(502): CodeIgniter\CodeIgniter->runController(Object(App\Controllers\MascotasController))
 8 SYSTEMPATH\CodeIgniter.php(361): CodeIgniter\CodeIgniter->handleRequest(null, Object(Config\Cache), false)
 9 FCPATH\index.php(79): CodeIgniter\CodeIgniter->run()
10 SYSTEMPATH\Commands\Server\rewrite.php(47): require_once('C:\\xampp\\htdocs\\ExamenDAWU2\\public\\index.php')
CRITICAL - 2023-10-26 03:11:45 --> Undefined variable $cuidao
in APPPATH\Views\mascotas\informacion.php on line 38.
 1 APPPATH\Views\mascotas\informacion.php(38): CodeIgniter\Debug\Exceptions->errorHandler(2, 'Undefined variable $cuidao', 'C:\\xampp\\htdocs\\ExamenDAWU2\\app\\Views\\mascotas\\informacion.php', 38)
 2 SYSTEMPATH\View\View.php(228): include('C:\\xampp\\htdocs\\ExamenDAWU2\\app\\Views\\mascotas\\informacion.php')
 3 SYSTEMPATH\View\View.php(231): CodeIgniter\View\View->CodeIgniter\View\{closure}()
 4 SYSTEMPATH\Common.php(1190): CodeIgniter\View\View->render('mascotas/informacion', [], true)
 5 APPPATH\Controllers\MascotasController.php(211): view('mascotas/informacion', [...])
 6 SYSTEMPATH\CodeIgniter.php(942): App\Controllers\MascotasController->informacion('12')
 7 SYSTEMPATH\CodeIgniter.php(502): CodeIgniter\CodeIgniter->runController(Object(App\Controllers\MascotasController))
 8 SYSTEMPATH\CodeIgniter.php(361): CodeIgniter\CodeIgniter->handleRequest(null, Object(Config\Cache), false)
 9 FCPATH\index.php(79): CodeIgniter\CodeIgniter->run()
10 SYSTEMPATH\Commands\Server\rewrite.php(47): require_once('C:\\xampp\\htdocs\\ExamenDAWU2\\public\\index.php')
CRITICAL - 2023-10-26 03:11:52 --> Attempt to read property "cuidado" on array
in APPPATH\Views\mascotas\informacion.php on line 38.
 1 APPPATH\Views\mascotas\informacion.php(38): CodeIgniter\Debug\Exceptions->errorHandler(2, 'Attempt to read property "cuidado" on array', 'C:\\xampp\\htdocs\\ExamenDAWU2\\app\\Views\\mascotas\\informacion.php', 38)
 2 SYSTEMPATH\View\View.php(228): include('C:\\xampp\\htdocs\\ExamenDAWU2\\app\\Views\\mascotas\\informacion.php')
 3 SYSTEMPATH\View\View.php(231): CodeIgniter\View\View->CodeIgniter\View\{closure}()
 4 SYSTEMPATH\Common.php(1190): CodeIgniter\View\View->render('mascotas/informacion', [], true)
 5 APPPATH\Controllers\MascotasController.php(211): view('mascotas/informacion', [...])
 6 SYSTEMPATH\CodeIgniter.php(942): App\Controllers\MascotasController->informacion('12')
 7 SYSTEMPATH\CodeIgniter.php(502): CodeIgniter\CodeIgniter->runController(Object(App\Controllers\MascotasController))
 8 SYSTEMPATH\CodeIgniter.php(361): CodeIgniter\CodeIgniter->handleRequest(null, Object(Config\Cache), false)
 9 FCPATH\index.php(79): CodeIgniter\CodeIgniter->run()
10 SYSTEMPATH\Commands\Server\rewrite.php(47): require_once('C:\\xampp\\htdocs\\ExamenDAWU2\\public\\index.php')
CRITICAL - 2023-10-26 03:12:43 --> Attempt to read property "cuidado" on array
in APPPATH\Views\mascotas\informacion.php on line 38.
 1 APPPATH\Views\mascotas\informacion.php(38): CodeIgniter\Debug\Exceptions->errorHandler(2, 'Attempt to read property "cuidado" on array', 'C:\\xampp\\htdocs\\ExamenDAWU2\\app\\Views\\mascotas\\informacion.php', 38)
 2 SYSTEMPATH\View\View.php(228): include('C:\\xampp\\htdocs\\ExamenDAWU2\\app\\Views\\mascotas\\informacion.php')
 3 SYSTEMPATH\View\View.php(231): CodeIgniter\View\View->CodeIgniter\View\{closure}()
 4 SYSTEMPATH\Common.php(1190): CodeIgniter\View\View->render('mascotas/informacion', [], true)
 5 APPPATH\Controllers\MascotasController.php(211): view('mascotas/informacion', [...])
 6 SYSTEMPATH\CodeIgniter.php(942): App\Controllers\MascotasController->informacion('12')
 7 SYSTEMPATH\CodeIgniter.php(502): CodeIgniter\CodeIgniter->runController(Object(App\Controllers\MascotasController))
 8 SYSTEMPATH\CodeIgniter.php(361): CodeIgniter\CodeIgniter->handleRequest(null, Object(Config\Cache), false)
 9 FCPATH\index.php(79): CodeIgniter\CodeIgniter->run()
10 SYSTEMPATH\Commands\Server\rewrite.php(47): require_once('C:\\xampp\\htdocs\\ExamenDAWU2\\public\\index.php')
CRITICAL - 2023-10-26 03:14:17 --> Undefined property: stdClass::$idMascotaCuidados
in APPPATH\Views\mascotas\informacion.php on line 38.
 1 APPPATH\Views\mascotas\informacion.php(38): CodeIgniter\Debug\Exceptions->errorHandler(2, 'Undefined property: stdClass::$idMascotaCuidados', 'C:\\xampp\\htdocs\\ExamenDAWU2\\app\\Views\\mascotas\\informacion.php', 38)
 2 SYSTEMPATH\View\View.php(228): include('C:\\xampp\\htdocs\\ExamenDAWU2\\app\\Views\\mascotas\\informacion.php')
 3 SYSTEMPATH\View\View.php(231): CodeIgniter\View\View->CodeIgniter\View\{closure}()
 4 SYSTEMPATH\Common.php(1190): CodeIgniter\View\View->render('mascotas/informacion', [], true)
 5 APPPATH\Controllers\MascotasController.php(211): view('mascotas/informacion', [...])
 6 SYSTEMPATH\CodeIgniter.php(942): App\Controllers\MascotasController->informacion('12')
 7 SYSTEMPATH\CodeIgniter.php(502): CodeIgniter\CodeIgniter->runController(Object(App\Controllers\MascotasController))
 8 SYSTEMPATH\CodeIgniter.php(361): CodeIgniter\CodeIgniter->handleRequest(null, Object(Config\Cache), false)
 9 FCPATH\index.php(79): CodeIgniter\CodeIgniter->run()
10 SYSTEMPATH\Commands\Server\rewrite.php(47): require_once('C:\\xampp\\htdocs\\ExamenDAWU2\\public\\index.php')
CRITICAL - 2023-10-26 03:14:21 --> Attempt to read property "cuidado" on array
in APPPATH\Views\mascotas\informacion.php on line 38.
 1 APPPATH\Views\mascotas\informacion.php(38): CodeIgniter\Debug\Exceptions->errorHandler(2, 'Attempt to read property "cuidado" on array', 'C:\\xampp\\htdocs\\ExamenDAWU2\\app\\Views\\mascotas\\informacion.php', 38)
 2 SYSTEMPATH\View\View.php(228): include('C:\\xampp\\htdocs\\ExamenDAWU2\\app\\Views\\mascotas\\informacion.php')
 3 SYSTEMPATH\View\View.php(231): CodeIgniter\View\View->CodeIgniter\View\{closure}()
 4 SYSTEMPATH\Common.php(1190): CodeIgniter\View\View->render('mascotas/informacion', [], true)
 5 APPPATH\Controllers\MascotasController.php(211): view('mascotas/informacion', [...])
 6 SYSTEMPATH\CodeIgniter.php(942): App\Controllers\MascotasController->informacion('12')
 7 SYSTEMPATH\CodeIgniter.php(502): CodeIgniter\CodeIgniter->runController(Object(App\Controllers\MascotasController))
 8 SYSTEMPATH\CodeIgniter.php(361): CodeIgniter\CodeIgniter->handleRequest(null, Object(Config\Cache), false)
 9 FCPATH\index.php(79): CodeIgniter\CodeIgniter->run()
10 SYSTEMPATH\Commands\Server\rewrite.php(47): require_once('C:\\xampp\\htdocs\\ExamenDAWU2\\public\\index.php')
CRITICAL - 2023-10-26 03:15:22 --> Attempt to read property "cuidado" on array
in APPPATH\Views\mascotas\informacion.php on line 38.
 1 APPPATH\Views\mascotas\informacion.php(38): CodeIgniter\Debug\Exceptions->errorHandler(2, 'Attempt to read property "cuidado" on array', 'C:\\xampp\\htdocs\\ExamenDAWU2\\app\\Views\\mascotas\\informacion.php', 38)
 2 SYSTEMPATH\View\View.php(228): include('C:\\xampp\\htdocs\\ExamenDAWU2\\app\\Views\\mascotas\\informacion.php')
 3 SYSTEMPATH\View\View.php(231): CodeIgniter\View\View->CodeIgniter\View\{closure}()
 4 SYSTEMPATH\Common.php(1190): CodeIgniter\View\View->render('mascotas/informacion', [], true)
 5 APPPATH\Controllers\MascotasController.php(211): view('mascotas/informacion', [...])
 6 SYSTEMPATH\CodeIgniter.php(942): App\Controllers\MascotasController->informacion('12')
 7 SYSTEMPATH\CodeIgniter.php(502): CodeIgniter\CodeIgniter->runController(Object(App\Controllers\MascotasController))
 8 SYSTEMPATH\CodeIgniter.php(361): CodeIgniter\CodeIgniter->handleRequest(null, Object(Config\Cache), false)
 9 FCPATH\index.php(79): CodeIgniter\CodeIgniter->run()
10 SYSTEMPATH\Commands\Server\rewrite.php(47): require_once('C:\\xampp\\htdocs\\ExamenDAWU2\\public\\index.php')
CRITICAL - 2023-10-26 03:19:16 --> syntax error, unexpected token "endif"
in APPPATH\Views\mascotas\informacion.php on line 44.
 1 SYSTEMPATH\View\View.php(231): CodeIgniter\View\View->CodeIgniter\View\{closure}()
 2 SYSTEMPATH\Common.php(1190): CodeIgniter\View\View->render('mascotas/informacion', [], true)
 3 APPPATH\Controllers\MascotasController.php(211): view('mascotas/informacion', [...])
 4 SYSTEMPATH\CodeIgniter.php(942): App\Controllers\MascotasController->informacion('1')
 5 SYSTEMPATH\CodeIgniter.php(502): CodeIgniter\CodeIgniter->runController(Object(App\Controllers\MascotasController))
 6 SYSTEMPATH\CodeIgniter.php(361): CodeIgniter\CodeIgniter->handleRequest(null, Object(Config\Cache), false)
 7 FCPATH\index.php(79): CodeIgniter\CodeIgniter->run()
 8 SYSTEMPATH\Commands\Server\rewrite.php(47): require_once('C:\\xampp\\htdocs\\ExamenDAWU2\\public\\index.php')
CRITICAL - 2023-10-26 03:33:33 --> syntax error, unexpected token ":"
in APPPATH\Views\mascotas\informacion.php on line 43.
 1 SYSTEMPATH\View\View.php(231): CodeIgniter\View\View->CodeIgniter\View\{closure}()
 2 SYSTEMPATH\Common.php(1190): CodeIgniter\View\View->render('mascotas/informacion', [], true)
 3 APPPATH\Controllers\MascotasController.php(211): view('mascotas/informacion', [...])
 4 SYSTEMPATH\CodeIgniter.php(942): App\Controllers\MascotasController->informacion('7')
 5 SYSTEMPATH\CodeIgniter.php(502): CodeIgniter\CodeIgniter->runController(Object(App\Controllers\MascotasController))
 6 SYSTEMPATH\CodeIgniter.php(361): CodeIgniter\CodeIgniter->handleRequest(null, Object(Config\Cache), false)
 7 FCPATH\index.php(79): CodeIgniter\CodeIgniter->run()
 8 SYSTEMPATH\Commands\Server\rewrite.php(47): require_once('C:\\xampp\\htdocs\\ExamenDAWU2\\public\\index.php')
CRITICAL - 2023-10-26 03:33:34 --> syntax error, unexpected token ":"
in APPPATH\Views\mascotas\informacion.php on line 43.
 1 SYSTEMPATH\View\View.php(231): CodeIgniter\View\View->CodeIgniter\View\{closure}()
 2 SYSTEMPATH\Common.php(1190): CodeIgniter\View\View->render('mascotas/informacion', [], true)
 3 APPPATH\Controllers\MascotasController.php(211): view('mascotas/informacion', [...])
 4 SYSTEMPATH\CodeIgniter.php(942): App\Controllers\MascotasController->informacion('7')
 5 SYSTEMPATH\CodeIgniter.php(502): CodeIgniter\CodeIgniter->runController(Object(App\Controllers\MascotasController))
 6 SYSTEMPATH\CodeIgniter.php(361): CodeIgniter\CodeIgniter->handleRequest(null, Object(Config\Cache), false)
 7 FCPATH\index.php(79): CodeIgniter\CodeIgniter->run()
 8 SYSTEMPATH\Commands\Server\rewrite.php(47): require_once('C:\\xampp\\htdocs\\ExamenDAWU2\\public\\index.php')
CRITICAL - 2023-10-26 03:33:50 --> syntax error, unexpected token "endif"
in APPPATH\Views\mascotas\informacion.php on line 47.
 1 SYSTEMPATH\View\View.php(231): CodeIgniter\View\View->CodeIgniter\View\{closure}()
 2 SYSTEMPATH\Common.php(1190): CodeIgniter\View\View->render('mascotas/informacion', [], true)
 3 APPPATH\Controllers\MascotasController.php(211): view('mascotas/informacion', [...])
 4 SYSTEMPATH\CodeIgniter.php(942): App\Controllers\MascotasController->informacion('7')
 5 SYSTEMPATH\CodeIgniter.php(502): CodeIgniter\CodeIgniter->runController(Object(App\Controllers\MascotasController))
 6 SYSTEMPATH\CodeIgniter.php(361): CodeIgniter\CodeIgniter->handleRequest(null, Object(Config\Cache), false)
 7 FCPATH\index.php(79): CodeIgniter\CodeIgniter->run()
 8 SYSTEMPATH\Commands\Server\rewrite.php(47): require_once('C:\\xampp\\htdocs\\ExamenDAWU2\\public\\index.php')
CRITICAL - 2023-10-26 04:18:25 --> Undefined variable $mascotaCuidados
in APPPATH\Views\mascotas\adoptar.php on line 42.
 1 APPPATH\Views\mascotas\adoptar.php(42): CodeIgniter\Debug\Exceptions->errorHandler(2, 'Undefined variable $mascotaCuidados', 'C:\\xampp\\htdocs\\ExamenDAWU2\\app\\Views\\mascotas\\adoptar.php', 42)
 2 SYSTEMPATH\View\View.php(228): include('C:\\xampp\\htdocs\\ExamenDAWU2\\app\\Views\\mascotas\\adoptar.php')
 3 SYSTEMPATH\View\View.php(231): CodeIgniter\View\View->CodeIgniter\View\{closure}()
 4 SYSTEMPATH\Common.php(1190): CodeIgniter\View\View->render('mascotas/adoptar', [], true)
 5 APPPATH\Controllers\MascotasController.php(232): view('mascotas/adoptar', [...])
 6 SYSTEMPATH\CodeIgniter.php(942): App\Controllers\MascotasController->adoptar('1')
 7 SYSTEMPATH\CodeIgniter.php(502): CodeIgniter\CodeIgniter->runController(Object(App\Controllers\MascotasController))
 8 SYSTEMPATH\CodeIgniter.php(361): CodeIgniter\CodeIgniter->handleRequest(null, Object(Config\Cache), false)
 9 FCPATH\index.php(79): CodeIgniter\CodeIgniter->run()
10 SYSTEMPATH\Commands\Server\rewrite.php(47): require_once('C:\\xampp\\htdocs\\ExamenDAWU2\\public\\index.php')
CRITICAL - 2023-10-26 04:31:57 --> Undefined variable $mascotasModel
in APPPATH\Controllers\MascotasController.php on line 250.
 1 APPPATH\Controllers\MascotasController.php(250): CodeIgniter\Debug\Exceptions->errorHandler(2, 'Undefined variable $mascotasModel', 'C:\\xampp\\htdocs\\ExamenDAWU2\\app\\Controllers\\MascotasController.php', 250)
 2 SYSTEMPATH\CodeIgniter.php(942): App\Controllers\MascotasController->updateAdopcion()
 3 SYSTEMPATH\CodeIgniter.php(502): CodeIgniter\CodeIgniter->runController(Object(App\Controllers\MascotasController))
 4 SYSTEMPATH\CodeIgniter.php(361): CodeIgniter\CodeIgniter->handleRequest(null, Object(Config\Cache), false)
 5 FCPATH\index.php(79): CodeIgniter\CodeIgniter->run()
 6 SYSTEMPATH\Commands\Server\rewrite.php(47): require_once('C:\\xampp\\htdocs\\ExamenDAWU2\\public\\index.php')
CRITICAL - 2023-10-26 04:33:24 --> Undefined variable $mascotaCuidadosModel
in APPPATH\Controllers\MascotasController.php on line 253.
 1 APPPATH\Controllers\MascotasController.php(253): CodeIgniter\Debug\Exceptions->errorHandler(2, 'Undefined variable $mascotaCuidadosModel', 'C:\\xampp\\htdocs\\ExamenDAWU2\\app\\Controllers\\MascotasController.php', 253)
 2 SYSTEMPATH\CodeIgniter.php(942): App\Controllers\MascotasController->updateAdopcion()
 3 SYSTEMPATH\CodeIgniter.php(502): CodeIgniter\CodeIgniter->runController(Object(App\Controllers\MascotasController))
 4 SYSTEMPATH\CodeIgniter.php(361): CodeIgniter\CodeIgniter->handleRequest(null, Object(Config\Cache), false)
 5 FCPATH\index.php(79): CodeIgniter\CodeIgniter->run()
 6 SYSTEMPATH\Commands\Server\rewrite.php(47): require_once('C:\\xampp\\htdocs\\ExamenDAWU2\\public\\index.php')
CRITICAL - 2023-10-26 04:33:46 --> Undefined variable $mascotasModel
in APPPATH\Controllers\MascotasController.php on line 256.
 1 APPPATH\Controllers\MascotasController.php(256): CodeIgniter\Debug\Exceptions->errorHandler(2, 'Undefined variable $mascotasModel', 'C:\\xampp\\htdocs\\ExamenDAWU2\\app\\Controllers\\MascotasController.php', 256)
 2 SYSTEMPATH\CodeIgniter.php(942): App\Controllers\MascotasController->updateAdopcion()
 3 SYSTEMPATH\CodeIgniter.php(502): CodeIgniter\CodeIgniter->runController(Object(App\Controllers\MascotasController))
 4 SYSTEMPATH\CodeIgniter.php(361): CodeIgniter\CodeIgniter->handleRequest(null, Object(Config\Cache), false)
 5 FCPATH\index.php(79): CodeIgniter\CodeIgniter->run()
 6 SYSTEMPATH\Commands\Server\rewrite.php(47): require_once('C:\\xampp\\htdocs\\ExamenDAWU2\\public\\index.php')
CRITICAL - 2023-10-26 04:42:48 --> Undefined property: stdClass::$mascota
in APPPATH\Views\mascotas\mostrar.php on line 14.
 1 APPPATH\Views\mascotas\mostrar.php(14): CodeIgniter\Debug\Exceptions->errorHandler(2, 'Undefined property: stdClass::$mascota', 'C:\\xampp\\htdocs\\ExamenDAWU2\\app\\Views\\mascotas\\mostrar.php', 14)
 2 SYSTEMPATH\View\View.php(228): include('C:\\xampp\\htdocs\\ExamenDAWU2\\app\\Views\\mascotas\\mostrar.php')
 3 SYSTEMPATH\View\View.php(231): CodeIgniter\View\View->CodeIgniter\View\{closure}()
 4 SYSTEMPATH\Common.php(1190): CodeIgniter\View\View->render('mascotas/mostrar', [], true)
 5 APPPATH\Controllers\MascotasController.php(29): view('mascotas/mostrar', [...])
 6 SYSTEMPATH\CodeIgniter.php(942): App\Controllers\MascotasController->mostrar()
 7 SYSTEMPATH\CodeIgniter.php(502): CodeIgniter\CodeIgniter->runController(Object(App\Controllers\MascotasController))
 8 SYSTEMPATH\CodeIgniter.php(361): CodeIgniter\CodeIgniter->handleRequest(null, Object(Config\Cache), false)
 9 FCPATH\index.php(79): CodeIgniter\CodeIgniter->run()
10 SYSTEMPATH\Commands\Server\rewrite.php(47): require_once('C:\\xampp\\htdocs\\ExamenDAWU2\\public\\index.php')
